-------------------------------------------------------------------------------
Test set: com.docencia.expresiones.ejercicio1.Ejercicio1Test
-------------------------------------------------------------------------------
Tests run: 10, Failures: 0, Errors: 10, Skipped: 0, Time elapsed: 0.005 s <<< FAILURE! -- in com.docencia.expresiones.ejercicio1.Ejercicio1Test
com.docencia.expresiones.ejercicio1.Ejercicio1Test.fechaInvalida_mes00_deberiaSerFalse -- Time elapsed: 0 s <<< ERROR!
java.lang.IllegalArgumentException
	at com.docencia.expresiones.ejercicio1.Ejercicio1.esFechaDdMmAaaaValida(Ejercicio1.java:10)
	at com.docencia.expresiones.ejercicio1.Ejercicio1Test.fechaInvalida_mes00_deberiaSerFalse(Ejercicio1Test.java:58)
	at java.base/java.lang.reflect.Method.invoke(Method.java:569)
	at java.base/java.util.ArrayList.forEach(ArrayList.java:1511)
	at java.base/java.util.ArrayList.forEach(ArrayList.java:1511)

com.docencia.expresiones.ejercicio1.Ejercicio1Test.fechaValida_deberiaSerTrue -- Time elapsed: 0 s <<< ERROR!
java.lang.IllegalArgumentException
	at com.docencia.expresiones.ejercicio1.Ejercicio1.esFechaDdMmAaaaValida(Ejercicio1.java:10)
	at com.docencia.expresiones.ejercicio1.Ejercicio1Test.fechaValida_deberiaSerTrue(Ejercicio1Test.java:16)
	at java.base/java.lang.reflect.Method.invoke(Method.java:569)
	at java.base/java.util.ArrayList.forEach(ArrayList.java:1511)
	at java.base/java.util.ArrayList.forEach(ArrayList.java:1511)

com.docencia.expresiones.ejercicio1.Ejercicio1Test.fechaNull_deberiaSerFalse -- Time elapsed: 0 s <<< ERROR!
java.lang.IllegalArgumentException
	at com.docencia.expresiones.ejercicio1.Ejercicio1.esFechaDdMmAaaaValida(Ejercicio1.java:10)
	at com.docencia.expresiones.ejercicio1.Ejercicio1Test.fechaNull_deberiaSerFalse(Ejercicio1Test.java:70)
	at java.base/java.lang.reflect.Method.invoke(Method.java:569)
	at java.base/java.util.ArrayList.forEach(ArrayList.java:1511)
	at java.base/java.util.ArrayList.forEach(ArrayList.java:1511)

com.docencia.expresiones.ejercicio1.Ejercicio1Test.fechaValida_conCerosIniciales_deberiaSerTrue -- Time elapsed: 0 s <<< ERROR!
java.lang.IllegalArgumentException
	at com.docencia.expresiones.ejercicio1.Ejercicio1.esFechaDdMmAaaaValida(Ejercicio1.java:10)
	at com.docencia.expresiones.ejercicio1.Ejercicio1Test.fechaValida_conCerosIniciales_deberiaSerTrue(Ejercicio1Test.java:22)
	at java.base/java.lang.reflect.Method.invoke(Method.java:569)
	at java.base/java.util.ArrayList.forEach(ArrayList.java:1511)
	at java.base/java.util.ArrayList.forEach(ArrayList.java:1511)

com.docencia.expresiones.ejercicio1.Ejercicio1Test.fechaInvalida_dia32_deberiaSerFalse -- Time elapsed: 0 s <<< ERROR!
java.lang.IllegalArgumentException
	at com.docencia.expresiones.ejercicio1.Ejercicio1.esFechaDdMmAaaaValida(Ejercicio1.java:10)
	at com.docencia.expresiones.ejercicio1.Ejercicio1Test.fechaInvalida_dia32_deberiaSerFalse(Ejercicio1Test.java:40)
	at java.base/java.lang.reflect.Method.invoke(Method.java:569)
	at java.base/java.util.ArrayList.forEach(ArrayList.java:1511)
	at java.base/java.util.ArrayList.forEach(ArrayList.java:1511)

com.docencia.expresiones.ejercicio1.Ejercicio1Test.fechaValida_dia31_mes01_deberiaSerTrue -- Time elapsed: 0 s <<< ERROR!
java.lang.IllegalArgumentException
	at com.docencia.expresiones.ejercicio1.Ejercicio1.esFechaDdMmAaaaValida(Ejercicio1.java:10)
	at com.docencia.expresiones.ejercicio1.Ejercicio1Test.fechaValida_dia31_mes01_deberiaSerTrue(Ejercicio1Test.java:28)
	at java.base/java.lang.reflect.Method.invoke(Method.java:569)
	at java.base/java.util.ArrayList.forEach(ArrayList.java:1511)
	at java.base/java.util.ArrayList.forEach(ArrayList.java:1511)

com.docencia.expresiones.ejercicio1.Ejercicio1Test.fechaInvalida_mes13_deberiaSerFalse -- Time elapsed: 0 s <<< ERROR!
java.lang.IllegalArgumentException
	at com.docencia.expresiones.ejercicio1.Ejercicio1.esFechaDdMmAaaaValida(Ejercicio1.java:10)
	at com.docencia.expresiones.ejercicio1.Ejercicio1Test.fechaInvalida_mes13_deberiaSerFalse(Ejercicio1Test.java:52)
	at java.base/java.lang.reflect.Method.invoke(Method.java:569)
	at java.base/java.util.ArrayList.forEach(ArrayList.java:1511)
	at java.base/java.util.ArrayList.forEach(ArrayList.java:1511)

com.docencia.expresiones.ejercicio1.Ejercicio1Test.fechaInvalida_dia00_deberiaSerFalse -- Time elapsed: 0.001 s <<< ERROR!
java.lang.IllegalArgumentException
	at com.docencia.expresiones.ejercicio1.Ejercicio1.esFechaDdMmAaaaValida(Ejercicio1.java:10)
	at com.docencia.expresiones.ejercicio1.Ejercicio1Test.fechaInvalida_dia00_deberiaSerFalse(Ejercicio1Test.java:46)
	at java.base/java.lang.reflect.Method.invoke(Method.java:569)
	at java.base/java.util.ArrayList.forEach(ArrayList.java:1511)
	at java.base/java.util.ArrayList.forEach(ArrayList.java:1511)

com.docencia.expresiones.ejercicio1.Ejercicio1Test.fechaValida_mes12_deberiaSerTrue -- Time elapsed: 0.001 s <<< ERROR!
java.lang.IllegalArgumentException
	at com.docencia.expresiones.ejercicio1.Ejercicio1.esFechaDdMmAaaaValida(Ejercicio1.java:10)
	at com.docencia.expresiones.ejercicio1.Ejercicio1Test.fechaValida_mes12_deberiaSerTrue(Ejercicio1Test.java:34)
	at java.base/java.lang.reflect.Method.invoke(Method.java:569)
	at java.base/java.util.ArrayList.forEach(ArrayList.java:1511)
	at java.base/java.util.ArrayList.forEach(ArrayList.java:1511)

com.docencia.expresiones.ejercicio1.Ejercicio1Test.fechaInvalida_sinCeroIzquierda_deberiaSerFalse -- Time elapsed: 0.001 s <<< ERROR!
java.lang.IllegalArgumentException
	at com.docencia.expresiones.ejercicio1.Ejercicio1.esFechaDdMmAaaaValida(Ejercicio1.java:10)
	at com.docencia.expresiones.ejercicio1.Ejercicio1Test.fechaInvalida_sinCeroIzquierda_deberiaSerFalse(Ejercicio1Test.java:64)
	at java.base/java.lang.reflect.Method.invoke(Method.java:569)
	at java.base/java.util.ArrayList.forEach(ArrayList.java:1511)
	at java.base/java.util.ArrayList.forEach(ArrayList.java:1511)

