<?xml version="1.0" encoding="UTF-8"?>
<testsuite xmlns:xsi="http://www.w3.org/2001/XMLSchema-instance" xsi:noNamespaceSchemaLocation="https://maven.apache.org/surefire/maven-surefire-plugin/xsd/surefire-test-report-3.0.xsd" version="3.0" name="com.docencia.logica.ejercicio5.Ejercicio5Test" time="0.009" tests="10" errors="7" skipped="0" failures="0">
  <properties>
[...]
</properties>
  <testcase name="sumar_fechaInvalida_lanzaExcepcion" classname="com.docencia.logica.ejercicio5.Ejercicio5Test" time="0.001"/>
  <testcase name="sumar_domingo_mas1_llegaALunes" classname="com.docencia.logica.ejercicio5.Ejercicio5Test" time="0.002">
    <error type="java.lang.IllegalArgumentException"><![CDATA[java.lang.IllegalArgumentException
	at com.docencia.logica.ejercicio5.Ejercicio5.sumarDiasLaborables(Ejercicio5.java:13)
	at com.docencia.logica.ejercicio5.Ejercicio5Test.sumar_domingo_mas1_llegaALunes(Ejercicio5Test.java:43)
	at java.base/java.lang.reflect.Method.invoke(Method.java:569)
	at java.base/java.util.ArrayList.forEach(ArrayList.java:1511)
	at java.base/java.util.ArrayList.forEach(ArrayList.java:1511)
]]></error>
  </testcase>
  <testcase name="sumar_nNegativo_lanzaExcepcion" classname="com.docencia.logica.ejercicio5.Ejercicio5Test" time="0.001"/>
  <testcase name="sumar_viernes_mas2_llegaAMartes" classname="com.docencia.logica.ejercicio5.Ejercicio5Test" time="0.001">
    <error type="java.lang.IllegalArgumentException"><![CDATA[java.lang.IllegalArgumentException
	at com.docencia.logica.ejercicio5.Ejercicio5.sumarDiasLaborables(Ejercicio5.java:13)
	at com.docencia.logica.ejercicio5.Ejercicio5Test.sumar_viernes_mas2_llegaAMartes(Ejercicio5Test.java:31)
	at java.base/java.lang.reflect.Method.invoke(Method.java:569)
	at java.base/java.util.ArrayList.forEach(ArrayList.java:1511)
	at java.base/java.util.ArrayList.forEach(ArrayList.java:1511)
]]></error>
  </testcase>
  <testcase name="sumar_n0_devuelveMismaFechaAunqueSeaFinde" classname="com.docencia.logica.ejercicio5.Ejercicio5Test" time="0.0">
    <error type="java.lang.IllegalArgumentException"><![CDATA[java.lang.IllegalArgumentException
	at com.docencia.logica.ejercicio5.Ejercicio5.sumarDiasLaborables(Ejercicio5.java:13)
	at com.docencia.logica.ejercicio5.Ejercicio5Test.sumar_n0_devuelveMismaFechaAunqueSeaFinde(Ejercicio5Test.java:19)
	at java.base/java.lang.reflect.Method.invoke(Method.java:569)
	at java.base/java.util.ArrayList.forEach(ArrayList.java:1511)
	at java.base/java.util.ArrayList.forEach(ArrayList.java:1511)
]]></error>
  </testcase>
  <testcase name="sumar_lunes_mas5_llegaALunesSiguiente" classname="com.docencia.logica.ejercicio5.Ejercicio5Test" time="0.0">
    <error type="java.lang.IllegalArgumentException"><![CDATA[java.lang.IllegalArgumentException
	at com.docencia.logica.ejercicio5.Ejercicio5.sumarDiasLaborables(Ejercicio5.java:13)
	at com.docencia.logica.ejercicio5.Ejercicio5Test.sumar_lunes_mas5_llegaALunesSiguiente(Ejercicio5Test.java:50)
	at java.base/java.lang.reflect.Method.invoke(Method.java:569)
	at java.base/java.util.ArrayList.forEach(ArrayList.java:1511)
	at java.base/java.util.ArrayList.forEach(ArrayList.java:1511)
]]></error>
  </testcase>
  <testcase name="sumar_cruzaUnFinde_llegaCorrecto" classname="com.docencia.logica.ejercicio5.Ejercicio5Test" time="0.0">
    <error type="java.lang.IllegalArgumentException"><![CDATA[java.lang.IllegalArgumentException
	at com.docencia.logica.ejercicio5.Ejercicio5.sumarDiasLaborables(Ejercicio5.java:13)
	at com.docencia.logica.ejercicio5.Ejercicio5Test.sumar_cruzaUnFinde_llegaCorrecto(Ejercicio5Test.java:57)
	at java.base/java.lang.reflect.Method.invoke(Method.java:569)
	at java.base/java.util.ArrayList.forEach(ArrayList.java:1511)
	at java.base/java.util.ArrayList.forEach(ArrayList.java:1511)
]]></error>
  </testcase>
  <testcase name="sumar_viernes_mas1_llegaALunes" classname="com.docencia.logica.ejercicio5.Ejercicio5Test" time="0.0">
    <error type="java.lang.IllegalArgumentException"><![CDATA[java.lang.IllegalArgumentException
	at com.docencia.logica.ejercicio5.Ejercicio5.sumarDiasLaborables(Ejercicio5.java:13)
	at com.docencia.logica.ejercicio5.Ejercicio5Test.sumar_viernes_mas1_llegaALunes(Ejercicio5Test.java:25)
	at java.base/java.lang.reflect.Method.invoke(Method.java:569)
	at java.base/java.util.ArrayList.forEach(ArrayList.java:1511)
	at java.base/java.util.ArrayList.forEach(ArrayList.java:1511)
]]></error>
  </testcase>
  <testcase name="sumar_sabado_mas1_llegaALunes" classname="com.docencia.logica.ejercicio5.Ejercicio5Test" time="0.001">
    <error type="java.lang.IllegalArgumentException"><![CDATA[java.lang.IllegalArgumentException
	at com.docencia.logica.ejercicio5.Ejercicio5.sumarDiasLaborables(Ejercicio5.java:13)
	at com.docencia.logica.ejercicio5.Ejercicio5Test.sumar_sabado_mas1_llegaALunes(Ejercicio5Test.java:37)
	at java.base/java.lang.reflect.Method.invoke(Method.java:569)
	at java.base/java.util.ArrayList.forEach(ArrayList.java:1511)
	at java.base/java.util.ArrayList.forEach(ArrayList.java:1511)
]]></error>
  </testcase>
  <testcase name="sumar_fechaNull_lanzaExcepcion" classname="com.docencia.logica.ejercicio5.Ejercicio5Test" time="0.0"/>
</testsuite>