-------------------------------------------------------------------------------
Test set: com.docencia.examen.listas.GestorUsuariosTest
-------------------------------------------------------------------------------
Tests run: 9, Failures: 9, Errors: 0, Skipped: 0, Time elapsed: 0.007 s <<< FAILURE! -- in com.docencia.examen.listas.GestorUsuariosTest
com.docencia.examen.listas.GestorUsuariosTest.obtenerPorPosicionDevuelveUsuarioCorrecto -- Time elapsed: 0.001 s <<< FAILURE!
org.opentest4j.MultipleFailuresError: 
Multiple Failures (3 failures)
	org.opentest4j.AssertionFailedError: expected: <com.docencia.examen.clases.Usuario@0> but was: <null>
	org.opentest4j.AssertionFailedError: expected: <com.docencia.examen.clases.Usuario@0> but was: <null>
	org.opentest4j.AssertionFailedError: expected: <com.docencia.examen.clases.Usuario@0> but was: <null>
	at org.junit.jupiter.api.AssertAll.assertAll(AssertAll.java:80)
	at org.junit.jupiter.api.AssertAll.assertAll(AssertAll.java:44)
	at org.junit.jupiter.api.AssertAll.assertAll(AssertAll.java:38)
	at org.junit.jupiter.api.Assertions.assertAll(Assertions.java:2940)
	at com.docencia.examen.listas.GestorUsuariosTest.obtenerPorPosicionDevuelveUsuarioCorrecto(GestorUsuariosTest.java:76)
	at java.base/java.lang.reflect.Method.invoke(Method.java:565)
	at java.base/java.util.ArrayList.forEach(ArrayList.java:1604)
	at java.base/java.util.ArrayList.forEach(ArrayList.java:1604)
	Suppressed: org.opentest4j.AssertionFailedError: expected: <com.docencia.examen.clases.Usuario@0> but was: <null>
		at org.junit.jupiter.api.AssertionFailureBuilder.build(AssertionFailureBuilder.java:151)
		at org.junit.jupiter.api.AssertionFailureBuilder.buildAndThrow(AssertionFailureBuilder.java:132)
		at org.junit.jupiter.api.AssertEquals.failNotEqual(AssertEquals.java:197)
		at org.junit.jupiter.api.AssertEquals.assertEquals(AssertEquals.java:182)
		at org.junit.jupiter.api.AssertEquals.assertEquals(AssertEquals.java:177)
		at org.junit.jupiter.api.Assertions.assertEquals(Assertions.java:1141)
		at com.docencia.examen.listas.GestorUsuariosTest.lambda$obtenerPorPosicionDevuelveUsuarioCorrecto$0(GestorUsuariosTest.java:77)
		at org.junit.jupiter.api.AssertAll.lambda$assertAll$0(AssertAll.java:68)
		at java.base/java.util.stream.ReferencePipeline$3$1.accept(ReferencePipeline.java:214)
		at java.base/java.util.Spliterators$ArraySpliterator.forEachRemaining(Spliterators.java:1024)
		at java.base/java.util.stream.AbstractPipeline.copyInto(AbstractPipeline.java:570)
		at java.base/java.util.stream.AbstractPipeline.wrapAndCopyInto(AbstractPipeline.java:560)
		at java.base/java.util.stream.ReduceOps$ReduceOp.evaluateSequential(ReduceOps.java:921)
		at java.base/java.util.stream.AbstractPipeline.evaluate(AbstractPipeline.java:265)
		at java.base/java.util.stream.ReferencePipeline.collect(ReferencePipeline.java:723)
		at org.junit.jupiter.api.AssertAll.assertAll(AssertAll.java:77)
		... 7 more
	Suppressed: org.opentest4j.AssertionFailedError: expected: <com.docencia.examen.clases.Usuario@0> but was: <null>
		at org.junit.jupiter.api.AssertionFailureBuilder.build(AssertionFailureBuilder.java:151)
		at org.junit.jupiter.api.AssertionFailureBuilder.buildAndThrow(AssertionFailureBuilder.java:132)
		at org.junit.jupiter.api.AssertEquals.failNotEqual(AssertEquals.java:197)
		at org.junit.jupiter.api.AssertEquals.assertEquals(AssertEquals.java:182)
		at org.junit.jupiter.api.AssertEquals.assertEquals(AssertEquals.java:177)
		at org.junit.jupiter.api.Assertions.assertEquals(Assertions.java:1141)
		at com.docencia.examen.listas.GestorUsuariosTest.lambda$obtenerPorPosicionDevuelveUsuarioCorrecto$1(GestorUsuariosTest.java:78)
		at org.junit.jupiter.api.AssertAll.lambda$assertAll$0(AssertAll.java:68)
		at java.base/java.util.stream.ReferencePipeline$3$1.accept(ReferencePipeline.java:214)
		at java.base/java.util.Spliterators$ArraySpliterator.forEachRemaining(Spliterators.java:1024)
		at java.base/java.util.stream.AbstractPipeline.copyInto(AbstractPipeline.java:570)
		at java.base/java.util.stream.AbstractPipeline.wrapAndCopyInto(AbstractPipeline.java:560)
		at java.base/java.util.stream.ReduceOps$ReduceOp.evaluateSequential(ReduceOps.java:921)
		at java.base/java.util.stream.AbstractPipeline.evaluate(AbstractPipeline.java:265)
		at java.base/java.util.stream.ReferencePipeline.collect(ReferencePipeline.java:723)
		at org.junit.jupiter.api.AssertAll.assertAll(AssertAll.java:77)
		... 7 more
	Suppressed: org.opentest4j.AssertionFailedError: expected: <com.docencia.examen.clases.Usuario@0> but was: <null>
		at org.junit.jupiter.api.AssertionFailureBuilder.build(AssertionFailureBuilder.java:151)
		at org.junit.jupiter.api.AssertionFailureBuilder.buildAndThrow(AssertionFailureBuilder.java:132)
		at org.junit.jupiter.api.AssertEquals.failNotEqual(AssertEquals.java:197)
		at org.junit.jupiter.api.AssertEquals.assertEquals(AssertEquals.java:182)
		at org.junit.jupiter.api.AssertEquals.assertEquals(AssertEquals.java:177)
		at org.junit.jupiter.api.Assertions.assertEquals(Assertions.java:1141)
		at com.docencia.examen.listas.GestorUsuariosTest.lambda$obtenerPorPosicionDevuelveUsuarioCorrecto$2(GestorUsuariosTest.java:79)
		at org.junit.jupiter.api.AssertAll.lambda$assertAll$0(AssertAll.java:68)
		at java.base/java.util.stream.ReferencePipeline$3$1.accept(ReferencePipeline.java:214)
		at java.base/java.util.Spliterators$ArraySpliterator.forEachRemaining(Spliterators.java:1024)
		at java.base/java.util.stream.AbstractPipeline.copyInto(AbstractPipeline.java:570)
		at java.base/java.util.stream.AbstractPipeline.wrapAndCopyInto(AbstractPipeline.java:560)
		at java.base/java.util.stream.ReduceOps$ReduceOp.evaluateSequential(ReduceOps.java:921)
		at java.base/java.util.stream.AbstractPipeline.evaluate(AbstractPipeline.java:265)
		at java.base/java.util.stream.ReferencePipeline.collect(ReferencePipeline.java:723)
		at org.junit.jupiter.api.AssertAll.assertAll(AssertAll.java:77)
		... 7 more

com.docencia.examen.listas.GestorUsuariosTest.contieneUsuarioEquals -- Time elapsed: 0 s <<< FAILURE!
org.opentest4j.MultipleFailuresError: 
Multiple Failures (2 failures)
	org.opentest4j.AssertionFailedError: Debe contener a u1 ==> expected: <true> but was: <false>
	org.opentest4j.AssertionFailedError: Debe considerar contenido a otro Usuario con mismo identificador (equals) ==> expected: <true> but was: <false>
	at org.junit.jupiter.api.AssertAll.assertAll(AssertAll.java:80)
	at org.junit.jupiter.api.AssertAll.assertAll(AssertAll.java:44)
	at org.junit.jupiter.api.AssertAll.assertAll(AssertAll.java:38)
	at org.junit.jupiter.api.Assertions.assertAll(Assertions.java:2940)
	at com.docencia.examen.listas.GestorUsuariosTest.contieneUsuarioEquals(GestorUsuariosTest.java:56)
	at java.base/java.lang.reflect.Method.invoke(Method.java:565)
	at java.base/java.util.ArrayList.forEach(ArrayList.java:1604)
	at java.base/java.util.ArrayList.forEach(ArrayList.java:1604)
	Suppressed: org.opentest4j.AssertionFailedError: Debe contener a u1 ==> expected: <true> but was: <false>
		at org.junit.jupiter.api.AssertionFailureBuilder.build(AssertionFailureBuilder.java:151)
		at org.junit.jupiter.api.AssertionFailureBuilder.buildAndThrow(AssertionFailureBuilder.java:132)
		at org.junit.jupiter.api.AssertTrue.failNotTrue(AssertTrue.java:63)
		at org.junit.jupiter.api.AssertTrue.assertTrue(AssertTrue.java:36)
		at org.junit.jupiter.api.Assertions.assertTrue(Assertions.java:210)
		at com.docencia.examen.listas.GestorUsuariosTest.lambda$contieneUsuarioEquals$0(GestorUsuariosTest.java:57)
		at org.junit.jupiter.api.AssertAll.lambda$assertAll$0(AssertAll.java:68)
		at java.base/java.util.stream.ReferencePipeline$3$1.accept(ReferencePipeline.java:214)
		at java.base/java.util.Spliterators$ArraySpliterator.forEachRemaining(Spliterators.java:1024)
		at java.base/java.util.stream.AbstractPipeline.copyInto(AbstractPipeline.java:570)
		at java.base/java.util.stream.AbstractPipeline.wrapAndCopyInto(AbstractPipeline.java:560)
		at java.base/java.util.stream.ReduceOps$ReduceOp.evaluateSequential(ReduceOps.java:921)
		at java.base/java.util.stream.AbstractPipeline.evaluate(AbstractPipeline.java:265)
		at java.base/java.util.stream.ReferencePipeline.collect(ReferencePipeline.java:723)
		at org.junit.jupiter.api.AssertAll.assertAll(AssertAll.java:77)
		... 7 more
	Suppressed: org.opentest4j.AssertionFailedError: Debe considerar contenido a otro Usuario con mismo identificador (equals) ==> expected: <true> but was: <false>
		at org.junit.jupiter.api.AssertionFailureBuilder.build(AssertionFailureBuilder.java:151)
		at org.junit.jupiter.api.AssertionFailureBuilder.buildAndThrow(AssertionFailureBuilder.java:132)
		at org.junit.jupiter.api.AssertTrue.failNotTrue(AssertTrue.java:63)
		at org.junit.jupiter.api.AssertTrue.assertTrue(AssertTrue.java:36)
		at org.junit.jupiter.api.Assertions.assertTrue(Assertions.java:210)
		at com.docencia.examen.listas.GestorUsuariosTest.lambda$contieneUsuarioEquals$1(GestorUsuariosTest.java:58)
		at org.junit.jupiter.api.AssertAll.lambda$assertAll$0(AssertAll.java:68)
		at java.base/java.util.stream.ReferencePipeline$3$1.accept(ReferencePipeline.java:214)
		at java.base/java.util.Spliterators$ArraySpliterator.forEachRemaining(Spliterators.java:1024)
		at java.base/java.util.stream.AbstractPipeline.copyInto(AbstractPipeline.java:570)
		at java.base/java.util.stream.AbstractPipeline.wrapAndCopyInto(AbstractPipeline.java:560)
		at java.base/java.util.stream.ReduceOps$ReduceOp.evaluateSequential(ReduceOps.java:921)
		at java.base/java.util.stream.AbstractPipeline.evaluate(AbstractPipeline.java:265)
		at java.base/java.util.stream.ReferencePipeline.collect(ReferencePipeline.java:723)
		at org.junit.jupiter.api.AssertAll.assertAll(AssertAll.java:77)
		... 7 more

com.docencia.examen.listas.GestorUsuariosTest.gestorManejaSubclasesDeUsuario -- Time elapsed: 0.001 s <<< FAILURE!
org.opentest4j.MultipleFailuresError: 
Multiple Failures (3 failures)
	org.opentest4j.AssertionFailedError: expected: <1> but was: <0>
	org.opentest4j.AssertionFailedError: expected: <true> but was: <false>
	java.lang.NullPointerException: Cannot invoke "com.docencia.examen.clases.Usuario.getIdentificador()" because the return value of "com.docencia.examen.listas.GestorUsuarios.obtenerPorPosicion(int)" is null
	at org.junit.jupiter.api.AssertAll.assertAll(AssertAll.java:80)
	at org.junit.jupiter.api.AssertAll.assertAll(AssertAll.java:44)
	at org.junit.jupiter.api.AssertAll.assertAll(AssertAll.java:38)
	at org.junit.jupiter.api.Assertions.assertAll(Assertions.java:2940)
	at com.docencia.examen.listas.GestorUsuariosTest.gestorManejaSubclasesDeUsuario(GestorUsuariosTest.java:167)
	at java.base/java.lang.reflect.Method.invoke(Method.java:565)
	at java.base/java.util.ArrayList.forEach(ArrayList.java:1604)
	at java.base/java.util.ArrayList.forEach(ArrayList.java:1604)
	Suppressed: org.opentest4j.AssertionFailedError: expected: <1> but was: <0>
		at org.junit.jupiter.api.AssertionFailureBuilder.build(AssertionFailureBuilder.java:151)
		at org.junit.jupiter.api.AssertionFailureBuilder.buildAndThrow(AssertionFailureBuilder.java:132)
		at org.junit.jupiter.api.AssertEquals.failNotEqual(AssertEquals.java:197)
		at org.junit.jupiter.api.AssertEquals.assertEquals(AssertEquals.java:150)
		at org.junit.jupiter.api.AssertEquals.assertEquals(AssertEquals.java:145)
		at org.junit.jupiter.api.Assertions.assertEquals(Assertions.java:527)
		at com.docencia.examen.listas.GestorUsuariosTest.lambda$gestorManejaSubclasesDeUsuario$0(GestorUsuariosTest.java:168)
		at org.junit.jupiter.api.AssertAll.lambda$assertAll$0(AssertAll.java:68)
		at java.base/java.util.stream.ReferencePipeline$3$1.accept(ReferencePipeline.java:214)
		at java.base/java.util.Spliterators$ArraySpliterator.forEachRemaining(Spliterators.java:1024)
		at java.base/java.util.stream.AbstractPipeline.copyInto(AbstractPipeline.java:570)
		at java.base/java.util.stream.AbstractPipeline.wrapAndCopyInto(AbstractPipeline.java:560)
		at java.base/java.util.stream.ReduceOps$ReduceOp.evaluateSequential(ReduceOps.java:921)
		at java.base/java.util.stream.AbstractPipeline.evaluate(AbstractPipeline.java:265)
		at java.base/java.util.stream.ReferencePipeline.collect(ReferencePipeline.java:723)
		at org.junit.jupiter.api.AssertAll.assertAll(AssertAll.java:77)
		... 7 more
	Suppressed: org.opentest4j.AssertionFailedError: expected: <true> but was: <false>
		at org.junit.jupiter.api.AssertionFailureBuilder.build(AssertionFailureBuilder.java:151)
		at org.junit.jupiter.api.AssertionFailureBuilder.buildAndThrow(AssertionFailureBuilder.java:132)
		at org.junit.jupiter.api.AssertTrue.failNotTrue(AssertTrue.java:63)
		at org.junit.jupiter.api.AssertTrue.assertTrue(AssertTrue.java:36)
		at org.junit.jupiter.api.AssertTrue.assertTrue(AssertTrue.java:31)
		at org.junit.jupiter.api.Assertions.assertTrue(Assertions.java:179)
		at com.docencia.examen.listas.GestorUsuariosTest.lambda$gestorManejaSubclasesDeUsuario$1(GestorUsuariosTest.java:169)
		at org.junit.jupiter.api.AssertAll.lambda$assertAll$0(AssertAll.java:68)
		at java.base/java.util.stream.ReferencePipeline$3$1.accept(ReferencePipeline.java:214)
		at java.base/java.util.Spliterators$ArraySpliterator.forEachRemaining(Spliterators.java:1024)
		at java.base/java.util.stream.AbstractPipeline.copyInto(AbstractPipeline.java:570)
		at java.base/java.util.stream.AbstractPipeline.wrapAndCopyInto(AbstractPipeline.java:560)
		at java.base/java.util.stream.ReduceOps$ReduceOp.evaluateSequential(ReduceOps.java:921)
		at java.base/java.util.stream.AbstractPipeline.evaluate(AbstractPipeline.java:265)
		at java.base/java.util.stream.ReferencePipeline.collect(ReferencePipeline.java:723)
		at org.junit.jupiter.api.AssertAll.assertAll(AssertAll.java:77)
		... 7 more
	Suppressed: java.lang.NullPointerException: Cannot invoke "com.docencia.examen.clases.Usuario.getIdentificador()" because the return value of "com.docencia.examen.listas.GestorUsuarios.obtenerPorPosicion(int)" is null
		at com.docencia.examen.listas.GestorUsuariosTest.lambda$gestorManejaSubclasesDeUsuario$2(GestorUsuariosTest.java:170)
		at org.junit.jupiter.api.AssertAll.lambda$assertAll$0(AssertAll.java:68)
		at java.base/java.util.stream.ReferencePipeline$3$1.accept(ReferencePipeline.java:214)
		at java.base/java.util.Spliterators$ArraySpliterator.forEachRemaining(Spliterators.java:1024)
		at java.base/java.util.stream.AbstractPipeline.copyInto(AbstractPipeline.java:570)
		at java.base/java.util.stream.AbstractPipeline.wrapAndCopyInto(AbstractPipeline.java:560)
		at java.base/java.util.stream.ReduceOps$ReduceOp.evaluateSequential(ReduceOps.java:921)
		at java.base/java.util.stream.AbstractPipeline.evaluate(AbstractPipeline.java:265)
		at java.base/java.util.stream.ReferencePipeline.collect(ReferencePipeline.java:723)
		at org.junit.jupiter.api.AssertAll.assertAll(AssertAll.java:77)
		... 7 more

com.docencia.examen.listas.GestorUsuariosTest.agregarUsuariosIncrementaTamano -- Time elapsed: 0.001 s <<< FAILURE!
org.opentest4j.MultipleFailuresError: 
Multiple Failures (1 failure)
	org.opentest4j.AssertionFailedError: expected: <2> but was: <0>
	at org.junit.jupiter.api.AssertAll.assertAll(AssertAll.java:80)
	at org.junit.jupiter.api.AssertAll.assertAll(AssertAll.java:44)
	at org.junit.jupiter.api.AssertAll.assertAll(AssertAll.java:38)
	at org.junit.jupiter.api.Assertions.assertAll(Assertions.java:2940)
	at com.docencia.examen.listas.GestorUsuariosTest.agregarUsuariosIncrementaTamano(GestorUsuariosTest.java:37)
	at java.base/java.lang.reflect.Method.invoke(Method.java:565)
	at java.base/java.util.ArrayList.forEach(ArrayList.java:1604)
	at java.base/java.util.ArrayList.forEach(ArrayList.java:1604)
	Suppressed: org.opentest4j.AssertionFailedError: expected: <2> but was: <0>
		at org.junit.jupiter.api.AssertionFailureBuilder.build(AssertionFailureBuilder.java:151)
		at org.junit.jupiter.api.AssertionFailureBuilder.buildAndThrow(AssertionFailureBuilder.java:132)
		at org.junit.jupiter.api.AssertEquals.failNotEqual(AssertEquals.java:197)
		at org.junit.jupiter.api.AssertEquals.assertEquals(AssertEquals.java:150)
		at org.junit.jupiter.api.AssertEquals.assertEquals(AssertEquals.java:145)
		at org.junit.jupiter.api.Assertions.assertEquals(Assertions.java:527)
		at com.docencia.examen.listas.GestorUsuariosTest.lambda$agregarUsuariosIncrementaTamano$1(GestorUsuariosTest.java:39)
		at org.junit.jupiter.api.AssertAll.lambda$assertAll$0(AssertAll.java:68)
		at java.base/java.util.stream.ReferencePipeline$3$1.accept(ReferencePipeline.java:214)
		at java.base/java.util.Spliterators$ArraySpliterator.forEachRemaining(Spliterators.java:1024)
		at java.base/java.util.stream.AbstractPipeline.copyInto(AbstractPipeline.java:570)
		at java.base/java.util.stream.AbstractPipeline.wrapAndCopyInto(AbstractPipeline.java:560)
		at java.base/java.util.stream.ReduceOps$ReduceOp.evaluateSequential(ReduceOps.java:921)
		at java.base/java.util.stream.AbstractPipeline.evaluate(AbstractPipeline.java:265)
		at java.base/java.util.stream.ReferencePipeline.collect(ReferencePipeline.java:723)
		at org.junit.jupiter.api.AssertAll.assertAll(AssertAll.java:77)
		... 7 more

com.docencia.examen.listas.GestorUsuariosTest.obtenerPorPosicionIndiceInvalido_lanzaExcepcion -- Time elapsed: 0.001 s <<< FAILURE!
org.opentest4j.MultipleFailuresError: 
Multiple Failures (2 failures)
	org.opentest4j.AssertionFailedError: Expected java.lang.IndexOutOfBoundsException to be thrown, but nothing was thrown.
	org.opentest4j.AssertionFailedError: Expected java.lang.IndexOutOfBoundsException to be thrown, but nothing was thrown.
	at org.junit.jupiter.api.AssertAll.assertAll(AssertAll.java:80)
	at org.junit.jupiter.api.AssertAll.assertAll(AssertAll.java:44)
	at org.junit.jupiter.api.AssertAll.assertAll(AssertAll.java:38)
	at org.junit.jupiter.api.Assertions.assertAll(Assertions.java:2940)
	at com.docencia.examen.listas.GestorUsuariosTest.obtenerPorPosicionIndiceInvalido_lanzaExcepcion(GestorUsuariosTest.java:89)
	at java.base/java.lang.reflect.Method.invoke(Method.java:565)
	at java.base/java.util.ArrayList.forEach(ArrayList.java:1604)
	at java.base/java.util.ArrayList.forEach(ArrayList.java:1604)
	Suppressed: org.opentest4j.AssertionFailedError: Expected java.lang.IndexOutOfBoundsException to be thrown, but nothing was thrown.
		at org.junit.jupiter.api.AssertionFailureBuilder.build(AssertionFailureBuilder.java:152)
		at org.junit.jupiter.api.AssertThrows.assertThrows(AssertThrows.java:73)
		at org.junit.jupiter.api.AssertThrows.assertThrows(AssertThrows.java:35)
		at org.junit.jupiter.api.Assertions.assertThrows(Assertions.java:3111)
		at com.docencia.examen.listas.GestorUsuariosTest.lambda$obtenerPorPosicionIndiceInvalido_lanzaExcepcion$0(GestorUsuariosTest.java:90)
		at org.junit.jupiter.api.AssertAll.lambda$assertAll$0(AssertAll.java:68)
		at java.base/java.util.stream.ReferencePipeline$3$1.accept(ReferencePipeline.java:214)
		at java.base/java.util.Spliterators$ArraySpliterator.forEachRemaining(Spliterators.java:1024)
		at java.base/java.util.stream.AbstractPipeline.copyInto(AbstractPipeline.java:570)
		at java.base/java.util.stream.AbstractPipeline.wrapAndCopyInto(AbstractPipeline.java:560)
		at java.base/java.util.stream.ReduceOps$ReduceOp.evaluateSequential(ReduceOps.java:921)
		at java.base/java.util.stream.AbstractPipeline.evaluate(AbstractPipeline.java:265)
		at java.base/java.util.stream.ReferencePipeline.collect(ReferencePipeline.java:723)
		at org.junit.jupiter.api.AssertAll.assertAll(AssertAll.java:77)
		... 7 more
	Suppressed: org.opentest4j.AssertionFailedError: Expected java.lang.IndexOutOfBoundsException to be thrown, but nothing was thrown.
		at org.junit.jupiter.api.AssertionFailureBuilder.build(AssertionFailureBuilder.java:152)
		at org.junit.jupiter.api.AssertThrows.assertThrows(AssertThrows.java:73)
		at org.junit.jupiter.api.AssertThrows.assertThrows(AssertThrows.java:35)
		at org.junit.jupiter.api.Assertions.assertThrows(Assertions.java:3111)
		at com.docencia.examen.listas.GestorUsuariosTest.lambda$obtenerPorPosicionIndiceInvalido_lanzaExcepcion$2(GestorUsuariosTest.java:92)
		at org.junit.jupiter.api.AssertAll.lambda$assertAll$0(AssertAll.java:68)
		at java.base/java.util.stream.ReferencePipeline$3$1.accept(ReferencePipeline.java:214)
		at java.base/java.util.Spliterators$ArraySpliterator.forEachRemaining(Spliterators.java:1024)
		at java.base/java.util.stream.AbstractPipeline.copyInto(AbstractPipeline.java:570)
		at java.base/java.util.stream.AbstractPipeline.wrapAndCopyInto(AbstractPipeline.java:560)
		at java.base/java.util.stream.ReduceOps$ReduceOp.evaluateSequential(ReduceOps.java:921)
		at java.base/java.util.stream.AbstractPipeline.evaluate(AbstractPipeline.java:265)
		at java.base/java.util.stream.ReferencePipeline.collect(ReferencePipeline.java:723)
		at org.junit.jupiter.api.AssertAll.assertAll(AssertAll.java:77)
		... 7 more

com.docencia.examen.listas.GestorUsuariosTest.buscarPorIdentificadorDevuelveUsuarioONull -- Time elapsed: 0 s <<< FAILURE!
org.opentest4j.MultipleFailuresError: 
Multiple Failures (2 failures)
	org.opentest4j.AssertionFailedError: expected: not <null>
	org.opentest4j.AssertionFailedError: expected: <com.docencia.examen.clases.Usuario@0> but was: <null>
	at org.junit.jupiter.api.AssertAll.assertAll(AssertAll.java:80)
	at org.junit.jupiter.api.AssertAll.assertAll(AssertAll.java:44)
	at org.junit.jupiter.api.AssertAll.assertAll(AssertAll.java:38)
	at org.junit.jupiter.api.Assertions.assertAll(Assertions.java:2940)
	at com.docencia.examen.listas.GestorUsuariosTest.buscarPorIdentificadorDevuelveUsuarioONull(GestorUsuariosTest.java:111)
	at java.base/java.lang.reflect.Method.invoke(Method.java:565)
	at java.base/java.util.ArrayList.forEach(ArrayList.java:1604)
	at java.base/java.util.ArrayList.forEach(ArrayList.java:1604)
	Suppressed: org.opentest4j.AssertionFailedError: expected: not <null>
		at org.junit.jupiter.api.AssertionFailureBuilder.build(AssertionFailureBuilder.java:152)
		at org.junit.jupiter.api.AssertionFailureBuilder.buildAndThrow(AssertionFailureBuilder.java:132)
		at org.junit.jupiter.api.AssertNotNull.failNull(AssertNotNull.java:49)
		at org.junit.jupiter.api.AssertNotNull.assertNotNull(AssertNotNull.java:35)
		at org.junit.jupiter.api.AssertNotNull.assertNotNull(AssertNotNull.java:30)
		at org.junit.jupiter.api.Assertions.assertNotNull(Assertions.java:300)
		at com.docencia.examen.listas.GestorUsuariosTest.lambda$buscarPorIdentificadorDevuelveUsuarioONull$0(GestorUsuariosTest.java:112)
		at org.junit.jupiter.api.AssertAll.lambda$assertAll$0(AssertAll.java:68)
		at java.base/java.util.stream.ReferencePipeline$3$1.accept(ReferencePipeline.java:214)
		at java.base/java.util.Spliterators$ArraySpliterator.forEachRemaining(Spliterators.java:1024)
		at java.base/java.util.stream.AbstractPipeline.copyInto(AbstractPipeline.java:570)
		at java.base/java.util.stream.AbstractPipeline.wrapAndCopyInto(AbstractPipeline.java:560)
		at java.base/java.util.stream.ReduceOps$ReduceOp.evaluateSequential(ReduceOps.java:921)
		at java.base/java.util.stream.AbstractPipeline.evaluate(AbstractPipeline.java:265)
		at java.base/java.util.stream.ReferencePipeline.collect(ReferencePipeline.java:723)
		at org.junit.jupiter.api.AssertAll.assertAll(AssertAll.java:77)
		... 7 more
	Suppressed: org.opentest4j.AssertionFailedError: expected: <com.docencia.examen.clases.Usuario@0> but was: <null>
		at org.junit.jupiter.api.AssertionFailureBuilder.build(AssertionFailureBuilder.java:151)
		at org.junit.jupiter.api.AssertionFailureBuilder.buildAndThrow(AssertionFailureBuilder.java:132)
		at org.junit.jupiter.api.AssertEquals.failNotEqual(AssertEquals.java:197)
		at org.junit.jupiter.api.AssertEquals.assertEquals(AssertEquals.java:182)
		at org.junit.jupiter.api.AssertEquals.assertEquals(AssertEquals.java:177)
		at org.junit.jupiter.api.Assertions.assertEquals(Assertions.java:1141)
		at com.docencia.examen.listas.GestorUsuariosTest.lambda$buscarPorIdentificadorDevuelveUsuarioONull$1(GestorUsuariosTest.java:113)
		at org.junit.jupiter.api.AssertAll.lambda$assertAll$0(AssertAll.java:68)
		at java.base/java.util.stream.ReferencePipeline$3$1.accept(ReferencePipeline.java:214)
		at java.base/java.util.Spliterators$ArraySpliterator.forEachRemaining(Spliterators.java:1024)
		at java.base/java.util.stream.AbstractPipeline.copyInto(AbstractPipeline.java:570)
		at java.base/java.util.stream.AbstractPipeline.wrapAndCopyInto(AbstractPipeline.java:560)
		at java.base/java.util.stream.ReduceOps$ReduceOp.evaluateSequential(ReduceOps.java:921)
		at java.base/java.util.stream.AbstractPipeline.evaluate(AbstractPipeline.java:265)
		at java.base/java.util.stream.ReferencePipeline.collect(ReferencePipeline.java:723)
		at org.junit.jupiter.api.AssertAll.assertAll(AssertAll.java:77)
		... 7 more

com.docencia.examen.listas.GestorUsuariosTest.eliminarPorIdentificadorBorraCoincidencias -- Time elapsed: 0 s <<< FAILURE!
org.opentest4j.AssertionFailedError: expected: <3> but was: <0>
	at org.junit.jupiter.api.AssertionFailureBuilder.build(AssertionFailureBuilder.java:151)
	at org.junit.jupiter.api.AssertionFailureBuilder.buildAndThrow(AssertionFailureBuilder.java:132)
	at org.junit.jupiter.api.AssertEquals.failNotEqual(AssertEquals.java:197)
	at org.junit.jupiter.api.AssertEquals.assertEquals(AssertEquals.java:150)
	at org.junit.jupiter.api.AssertEquals.assertEquals(AssertEquals.java:145)
	at org.junit.jupiter.api.Assertions.assertEquals(Assertions.java:527)
	at com.docencia.examen.listas.GestorUsuariosTest.eliminarPorIdentificadorBorraCoincidencias(GestorUsuariosTest.java:127)
	at java.base/java.lang.reflect.Method.invoke(Method.java:565)
	at java.base/java.util.ArrayList.forEach(ArrayList.java:1604)
	at java.base/java.util.ArrayList.forEach(ArrayList.java:1604)

com.docencia.examen.listas.GestorUsuariosTest.limpiar_vaciaLista -- Time elapsed: 0 s <<< FAILURE!
org.opentest4j.MultipleFailuresError: 
Multiple Failures (1 failure)
	org.opentest4j.AssertionFailedError: expected: <true> but was: <false>
	at org.junit.jupiter.api.AssertAll.assertAll(AssertAll.java:80)
	at org.junit.jupiter.api.AssertAll.assertAll(AssertAll.java:44)
	at org.junit.jupiter.api.AssertAll.assertAll(AssertAll.java:38)
	at org.junit.jupiter.api.Assertions.assertAll(Assertions.java:2940)
	at com.docencia.examen.listas.GestorUsuariosTest.limpiar_vaciaLista(GestorUsuariosTest.java:152)
	at java.base/java.lang.reflect.Method.invoke(Method.java:565)
	at java.base/java.util.ArrayList.forEach(ArrayList.java:1604)
	at java.base/java.util.ArrayList.forEach(ArrayList.java:1604)
	Suppressed: org.opentest4j.AssertionFailedError: expected: <true> but was: <false>
		at org.junit.jupiter.api.AssertionFailureBuilder.build(AssertionFailureBuilder.java:151)
		at org.junit.jupiter.api.AssertionFailureBuilder.buildAndThrow(AssertionFailureBuilder.java:132)
		at org.junit.jupiter.api.AssertTrue.failNotTrue(AssertTrue.java:63)
		at org.junit.jupiter.api.AssertTrue.assertTrue(AssertTrue.java:36)
		at org.junit.jupiter.api.AssertTrue.assertTrue(AssertTrue.java:31)
		at org.junit.jupiter.api.Assertions.assertTrue(Assertions.java:179)
		at com.docencia.examen.listas.GestorUsuariosTest.lambda$limpiar_vaciaLista$0(GestorUsuariosTest.java:153)
		at org.junit.jupiter.api.AssertAll.lambda$assertAll$0(AssertAll.java:68)
		at java.base/java.util.stream.ReferencePipeline$3$1.accept(ReferencePipeline.java:214)
		at java.base/java.util.Spliterators$ArraySpliterator.forEachRemaining(Spliterators.java:1024)
		at java.base/java.util.stream.AbstractPipeline.copyInto(AbstractPipeline.java:570)
		at java.base/java.util.stream.AbstractPipeline.wrapAndCopyInto(AbstractPipeline.java:560)
		at java.base/java.util.stream.ReduceOps$ReduceOp.evaluateSequential(ReduceOps.java:921)
		at java.base/java.util.stream.AbstractPipeline.evaluate(AbstractPipeline.java:265)
		at java.base/java.util.stream.ReferencePipeline.collect(ReferencePipeline.java:723)
		at org.junit.jupiter.api.AssertAll.assertAll(AssertAll.java:77)
		... 7 more

com.docencia.examen.listas.GestorUsuariosTest.nuevaInstancialistaVacia -- Time elapsed: 0 s <<< FAILURE!
org.opentest4j.MultipleFailuresError: 
Multiple Failures (1 failure)
	org.opentest4j.AssertionFailedError: La lista debe estar vacía ==> expected: <true> but was: <false>
	at org.junit.jupiter.api.AssertAll.assertAll(AssertAll.java:80)
	at org.junit.jupiter.api.AssertAll.assertAll(AssertAll.java:44)
	at org.junit.jupiter.api.AssertAll.assertAll(AssertAll.java:38)
	at org.junit.jupiter.api.Assertions.assertAll(Assertions.java:2940)
	at com.docencia.examen.listas.GestorUsuariosTest.nuevaInstancialistaVacia(GestorUsuariosTest.java:20)
	at java.base/java.lang.reflect.Method.invoke(Method.java:565)
	at java.base/java.util.ArrayList.forEach(ArrayList.java:1604)
	at java.base/java.util.ArrayList.forEach(ArrayList.java:1604)
	Suppressed: org.opentest4j.AssertionFailedError: La lista debe estar vacía ==> expected: <true> but was: <false>
		at org.junit.jupiter.api.AssertionFailureBuilder.build(AssertionFailureBuilder.java:151)
		at org.junit.jupiter.api.AssertionFailureBuilder.buildAndThrow(AssertionFailureBuilder.java:132)
		at org.junit.jupiter.api.AssertTrue.failNotTrue(AssertTrue.java:63)
		at org.junit.jupiter.api.AssertTrue.assertTrue(AssertTrue.java:36)
		at org.junit.jupiter.api.Assertions.assertTrue(Assertions.java:210)
		at com.docencia.examen.listas.GestorUsuariosTest.lambda$nuevaInstancialistaVacia$0(GestorUsuariosTest.java:21)
		at org.junit.jupiter.api.AssertAll.lambda$assertAll$0(AssertAll.java:68)
		at java.base/java.util.stream.ReferencePipeline$3$1.accept(ReferencePipeline.java:214)
		at java.base/java.util.Spliterators$ArraySpliterator.forEachRemaining(Spliterators.java:1024)
		at java.base/java.util.stream.AbstractPipeline.copyInto(AbstractPipeline.java:570)
		at java.base/java.util.stream.AbstractPipeline.wrapAndCopyInto(AbstractPipeline.java:560)
		at java.base/java.util.stream.ReduceOps$ReduceOp.evaluateSequential(ReduceOps.java:921)
		at java.base/java.util.stream.AbstractPipeline.evaluate(AbstractPipeline.java:265)
		at java.base/java.util.stream.ReferencePipeline.collect(ReferencePipeline.java:723)
		at org.junit.jupiter.api.AssertAll.assertAll(AssertAll.java:77)
		... 7 more

