<?xml version="1.0" encoding="UTF-8"?>
<testsuite xmlns:xsi="http://www.w3.org/2001/XMLSchema-instance" xsi:noNamespaceSchemaLocation="https://maven.apache.org/surefire/maven-surefire-plugin/xsd/surefire-test-report-3.0.xsd" version="3.0" name="com.docencia.examen.clases.UsuarioTest" time="0.02" tests="13" errors="0" skipped="0" failures="7">
  <properties>
[...]
</properties>
  <testcase name="constructorVacioDejaCamposANull" classname="com.docencia.examen.clases.UsuarioTest" time="0.002"/>
  <testcase name="equalsIdentificadoresNullEnAmbosSonIgualesSegunImplementacion" classname="com.docencia.examen.clases.UsuarioTest" time="0.001">
    <failure message="expected: com.docencia.examen.clases.Usuario@38425407&lt;com.docencia.examen.clases.Usuario@0&gt; but was: com.docencia.examen.clases.Usuario@43bc63a3&lt;com.docencia.examen.clases.Usuario@0&gt;" type="org.opentest4j.AssertionFailedError"><![CDATA[org.opentest4j.AssertionFailedError: expected: com.docencia.examen.clases.Usuario@38425407<com.docencia.examen.clases.Usuario@0> but was: com.docencia.examen.clases.Usuario@43bc63a3<com.docencia.examen.clases.Usuario@0>
	at org.junit.jupiter.api.AssertionFailureBuilder.build(AssertionFailureBuilder.java:151)
	at org.junit.jupiter.api.AssertionFailureBuilder.buildAndThrow(AssertionFailureBuilder.java:132)
	at org.junit.jupiter.api.AssertEquals.failNotEqual(AssertEquals.java:197)
	at org.junit.jupiter.api.AssertEquals.assertEquals(AssertEquals.java:182)
	at org.junit.jupiter.api.AssertEquals.assertEquals(AssertEquals.java:177)
	at org.junit.jupiter.api.Assertions.assertEquals(Assertions.java:1141)
	at com.docencia.examen.clases.UsuarioTest.equalsIdentificadoresNullEnAmbosSonIgualesSegunImplementacion(UsuarioTest.java:100)
	at java.base/java.lang.reflect.Method.invoke(Method.java:565)
	at java.base/java.util.ArrayList.forEach(ArrayList.java:1604)
	at java.base/java.util.ArrayList.forEach(ArrayList.java:1604)
]]></failure>
  </testcase>
  <testcase name="constructorCompletoInicializaTodosLosCampos" classname="com.docencia.examen.clases.UsuarioTest" time="0.003">
    <failure message="Multiple Failures (3 failures)&#10;	org.opentest4j.AssertionFailedError: expected: &lt;123&gt; but was: &lt;null&gt;&#10;	org.opentest4j.AssertionFailedError: expected: &lt;Juan&gt; but was: &lt;null&gt;&#10;	org.opentest4j.AssertionFailedError: expected: &lt;Pérez&gt; but was: &lt;null&gt;" type="org.opentest4j.MultipleFailuresError"><![CDATA[org.opentest4j.MultipleFailuresError: 
Multiple Failures (3 failures)
	org.opentest4j.AssertionFailedError: expected: <123> but was: <null>
	org.opentest4j.AssertionFailedError: expected: <Juan> but was: <null>
	org.opentest4j.AssertionFailedError: expected: <Pérez> but was: <null>
	at org.junit.jupiter.api.AssertAll.assertAll(AssertAll.java:80)
	at org.junit.jupiter.api.AssertAll.assertAll(AssertAll.java:44)
	at org.junit.jupiter.api.AssertAll.assertAll(AssertAll.java:38)
	at org.junit.jupiter.api.Assertions.assertAll(Assertions.java:2940)
	at com.docencia.examen.clases.UsuarioTest.constructorCompletoInicializaTodosLosCampos(UsuarioTest.java:44)
	at java.base/java.lang.reflect.Method.invoke(Method.java:565)
	at java.base/java.util.ArrayList.forEach(ArrayList.java:1604)
	at java.base/java.util.ArrayList.forEach(ArrayList.java:1604)
	Suppressed: org.opentest4j.AssertionFailedError: expected: <123> but was: <null>
		at org.junit.jupiter.api.AssertionFailureBuilder.build(AssertionFailureBuilder.java:151)
		at org.junit.jupiter.api.AssertionFailureBuilder.buildAndThrow(AssertionFailureBuilder.java:132)
		at org.junit.jupiter.api.AssertEquals.failNotEqual(AssertEquals.java:197)
		at org.junit.jupiter.api.AssertEquals.assertEquals(AssertEquals.java:182)
		at org.junit.jupiter.api.AssertEquals.assertEquals(AssertEquals.java:177)
		at org.junit.jupiter.api.Assertions.assertEquals(Assertions.java:1141)
		at com.docencia.examen.clases.UsuarioTest.lambda$constructorCompletoInicializaTodosLosCampos$0(UsuarioTest.java:45)
		at org.junit.jupiter.api.AssertAll.lambda$assertAll$0(AssertAll.java:68)
		at java.base/java.util.stream.ReferencePipeline$3$1.accept(ReferencePipeline.java:214)
		at java.base/java.util.Spliterators$ArraySpliterator.forEachRemaining(Spliterators.java:1024)
		at java.base/java.util.stream.AbstractPipeline.copyInto(AbstractPipeline.java:570)
		at java.base/java.util.stream.AbstractPipeline.wrapAndCopyInto(AbstractPipeline.java:560)
		at java.base/java.util.stream.ReduceOps$ReduceOp.evaluateSequential(ReduceOps.java:921)
		at java.base/java.util.stream.AbstractPipeline.evaluate(AbstractPipeline.java:265)
		at java.base/java.util.stream.ReferencePipeline.collect(ReferencePipeline.java:723)
		at org.junit.jupiter.api.AssertAll.assertAll(AssertAll.java:77)
		... 7 more
	Suppressed: org.opentest4j.AssertionFailedError: expected: <Juan> but was: <null>
		at org.junit.jupiter.api.AssertionFailureBuilder.build(AssertionFailureBuilder.java:151)
		at org.junit.jupiter.api.AssertionFailureBuilder.buildAndThrow(AssertionFailureBuilder.java:132)
		at org.junit.jupiter.api.AssertEquals.failNotEqual(AssertEquals.java:197)
		at org.junit.jupiter.api.AssertEquals.assertEquals(AssertEquals.java:182)
		at org.junit.jupiter.api.AssertEquals.assertEquals(AssertEquals.java:177)
		at org.junit.jupiter.api.Assertions.assertEquals(Assertions.java:1141)
		at com.docencia.examen.clases.UsuarioTest.lambda$constructorCompletoInicializaTodosLosCampos$1(UsuarioTest.java:46)
		at org.junit.jupiter.api.AssertAll.lambda$assertAll$0(AssertAll.java:68)
		at java.base/java.util.stream.ReferencePipeline$3$1.accept(ReferencePipeline.java:214)
		at java.base/java.util.Spliterators$ArraySpliterator.forEachRemaining(Spliterators.java:1024)
		at java.base/java.util.stream.AbstractPipeline.copyInto(AbstractPipeline.java:570)
		at java.base/java.util.stream.AbstractPipeline.wrapAndCopyInto(AbstractPipeline.java:560)
		at java.base/java.util.stream.ReduceOps$ReduceOp.evaluateSequential(ReduceOps.java:921)
		at java.base/java.util.stream.AbstractPipeline.evaluate(AbstractPipeline.java:265)
		at java.base/java.util.stream.ReferencePipeline.collect(ReferencePipeline.java:723)
		at org.junit.jupiter.api.AssertAll.assertAll(AssertAll.java:77)
		... 7 more
	Suppressed: org.opentest4j.AssertionFailedError: expected: <Pérez> but was: <null>
		at org.junit.jupiter.api.AssertionFailureBuilder.build(AssertionFailureBuilder.java:151)
		at org.junit.jupiter.api.AssertionFailureBuilder.buildAndThrow(AssertionFailureBuilder.java:132)
		at org.junit.jupiter.api.AssertEquals.failNotEqual(AssertEquals.java:197)
		at org.junit.jupiter.api.AssertEquals.assertEquals(AssertEquals.java:182)
		at org.junit.jupiter.api.AssertEquals.assertEquals(AssertEquals.java:177)
		at org.junit.jupiter.api.Assertions.assertEquals(Assertions.java:1141)
		at com.docencia.examen.clases.UsuarioTest.lambda$constructorCompletoInicializaTodosLosCampos$2(UsuarioTest.java:47)
		at org.junit.jupiter.api.AssertAll.lambda$assertAll$0(AssertAll.java:68)
		at java.base/java.util.stream.ReferencePipeline$3$1.accept(ReferencePipeline.java:214)
		at java.base/java.util.Spliterators$ArraySpliterator.forEachRemaining(Spliterators.java:1024)
		at java.base/java.util.stream.AbstractPipeline.copyInto(AbstractPipeline.java:570)
		at java.base/java.util.stream.AbstractPipeline.wrapAndCopyInto(AbstractPipeline.java:560)
		at java.base/java.util.stream.ReduceOps$ReduceOp.evaluateSequential(ReduceOps.java:921)
		at java.base/java.util.stream.AbstractPipeline.evaluate(AbstractPipeline.java:265)
		at java.base/java.util.stream.ReferencePipeline.collect(ReferencePipeline.java:723)
		at org.junit.jupiter.api.AssertAll.assertAll(AssertAll.java:77)
		... 7 more
]]></failure>
  </testcase>
  <testcase name="equalsConNullDevuelveFalse" classname="com.docencia.examen.clases.UsuarioTest" time="0.0"/>
  <testcase name="gettersDevuelvenValoresCorrectos" classname="com.docencia.examen.clases.UsuarioTest" time="0.001">
    <failure message="Multiple Failures (3 failures)&#10;	org.opentest4j.AssertionFailedError: expected: &lt;999&gt; but was: &lt;null&gt;&#10;	org.opentest4j.AssertionFailedError: expected: &lt;Pepe&gt; but was: &lt;null&gt;&#10;	org.opentest4j.AssertionFailedError: expected: &lt;García&gt; but was: &lt;null&gt;" type="org.opentest4j.MultipleFailuresError"><![CDATA[org.opentest4j.MultipleFailuresError: 
Multiple Failures (3 failures)
	org.opentest4j.AssertionFailedError: expected: <999> but was: <null>
	org.opentest4j.AssertionFailedError: expected: <Pepe> but was: <null>
	org.opentest4j.AssertionFailedError: expected: <García> but was: <null>
	at org.junit.jupiter.api.AssertAll.assertAll(AssertAll.java:80)
	at org.junit.jupiter.api.AssertAll.assertAll(AssertAll.java:44)
	at org.junit.jupiter.api.AssertAll.assertAll(AssertAll.java:38)
	at org.junit.jupiter.api.Assertions.assertAll(Assertions.java:2940)
	at com.docencia.examen.clases.UsuarioTest.gettersDevuelvenValoresCorrectos(UsuarioTest.java:138)
	at java.base/java.lang.reflect.Method.invoke(Method.java:565)
	at java.base/java.util.ArrayList.forEach(ArrayList.java:1604)
	at java.base/java.util.ArrayList.forEach(ArrayList.java:1604)
	Suppressed: org.opentest4j.AssertionFailedError: expected: <999> but was: <null>
		at org.junit.jupiter.api.AssertionFailureBuilder.build(AssertionFailureBuilder.java:151)
		at org.junit.jupiter.api.AssertionFailureBuilder.buildAndThrow(AssertionFailureBuilder.java:132)
		at org.junit.jupiter.api.AssertEquals.failNotEqual(AssertEquals.java:197)
		at org.junit.jupiter.api.AssertEquals.assertEquals(AssertEquals.java:182)
		at org.junit.jupiter.api.AssertEquals.assertEquals(AssertEquals.java:177)
		at org.junit.jupiter.api.Assertions.assertEquals(Assertions.java:1141)
		at com.docencia.examen.clases.UsuarioTest.lambda$gettersDevuelvenValoresCorrectos$0(UsuarioTest.java:139)
		at org.junit.jupiter.api.AssertAll.lambda$assertAll$0(AssertAll.java:68)
		at java.base/java.util.stream.ReferencePipeline$3$1.accept(ReferencePipeline.java:214)
		at java.base/java.util.Spliterators$ArraySpliterator.forEachRemaining(Spliterators.java:1024)
		at java.base/java.util.stream.AbstractPipeline.copyInto(AbstractPipeline.java:570)
		at java.base/java.util.stream.AbstractPipeline.wrapAndCopyInto(AbstractPipeline.java:560)
		at java.base/java.util.stream.ReduceOps$ReduceOp.evaluateSequential(ReduceOps.java:921)
		at java.base/java.util.stream.AbstractPipeline.evaluate(AbstractPipeline.java:265)
		at java.base/java.util.stream.ReferencePipeline.collect(ReferencePipeline.java:723)
		at org.junit.jupiter.api.AssertAll.assertAll(AssertAll.java:77)
		... 7 more
	Suppressed: org.opentest4j.AssertionFailedError: expected: <Pepe> but was: <null>
		at org.junit.jupiter.api.AssertionFailureBuilder.build(AssertionFailureBuilder.java:151)
		at org.junit.jupiter.api.AssertionFailureBuilder.buildAndThrow(AssertionFailureBuilder.java:132)
		at org.junit.jupiter.api.AssertEquals.failNotEqual(AssertEquals.java:197)
		at org.junit.jupiter.api.AssertEquals.assertEquals(AssertEquals.java:182)
		at org.junit.jupiter.api.AssertEquals.assertEquals(AssertEquals.java:177)
		at org.junit.jupiter.api.Assertions.assertEquals(Assertions.java:1141)
		at com.docencia.examen.clases.UsuarioTest.lambda$gettersDevuelvenValoresCorrectos$1(UsuarioTest.java:140)
		at org.junit.jupiter.api.AssertAll.lambda$assertAll$0(AssertAll.java:68)
		at java.base/java.util.stream.ReferencePipeline$3$1.accept(ReferencePipeline.java:214)
		at java.base/java.util.Spliterators$ArraySpliterator.forEachRemaining(Spliterators.java:1024)
		at java.base/java.util.stream.AbstractPipeline.copyInto(AbstractPipeline.java:570)
		at java.base/java.util.stream.AbstractPipeline.wrapAndCopyInto(AbstractPipeline.java:560)
		at java.base/java.util.stream.ReduceOps$ReduceOp.evaluateSequential(ReduceOps.java:921)
		at java.base/java.util.stream.AbstractPipeline.evaluate(AbstractPipeline.java:265)
		at java.base/java.util.stream.ReferencePipeline.collect(ReferencePipeline.java:723)
		at org.junit.jupiter.api.AssertAll.assertAll(AssertAll.java:77)
		... 7 more
	Suppressed: org.opentest4j.AssertionFailedError: expected: <García> but was: <null>
		at org.junit.jupiter.api.AssertionFailureBuilder.build(AssertionFailureBuilder.java:151)
		at org.junit.jupiter.api.AssertionFailureBuilder.buildAndThrow(AssertionFailureBuilder.java:132)
		at org.junit.jupiter.api.AssertEquals.failNotEqual(AssertEquals.java:197)
		at org.junit.jupiter.api.AssertEquals.assertEquals(AssertEquals.java:182)
		at org.junit.jupiter.api.AssertEquals.assertEquals(AssertEquals.java:177)
		at org.junit.jupiter.api.Assertions.assertEquals(Assertions.java:1141)
		at com.docencia.examen.clases.UsuarioTest.lambda$gettersDevuelvenValoresCorrectos$2(UsuarioTest.java:141)
		at org.junit.jupiter.api.AssertAll.lambda$assertAll$0(AssertAll.java:68)
		at java.base/java.util.stream.ReferencePipeline$3$1.accept(ReferencePipeline.java:214)
		at java.base/java.util.Spliterators$ArraySpliterator.forEachRemaining(Spliterators.java:1024)
		at java.base/java.util.stream.AbstractPipeline.copyInto(AbstractPipeline.java:570)
		at java.base/java.util.stream.AbstractPipeline.wrapAndCopyInto(AbstractPipeline.java:560)
		at java.base/java.util.stream.ReduceOps$ReduceOp.evaluateSequential(ReduceOps.java:921)
		at java.base/java.util.stream.AbstractPipeline.evaluate(AbstractPipeline.java:265)
		at java.base/java.util.stream.ReferencePipeline.collect(ReferencePipeline.java:723)
		at org.junit.jupiter.api.AssertAll.assertAll(AssertAll.java:77)
		... 7 more
]]></failure>
  </testcase>
  <testcase name="hashCodeMismoIdentificadorMsmoHash" classname="com.docencia.examen.clases.UsuarioTest" time="0.001">
    <failure message="Deben ser equals ==&gt; expected: com.docencia.examen.clases.Usuario@2f4948e4&lt;com.docencia.examen.clases.Usuario@0&gt; but was: com.docencia.examen.clases.Usuario@1f2586d6&lt;com.docencia.examen.clases.Usuario@0&gt;" type="org.opentest4j.AssertionFailedError"><![CDATA[org.opentest4j.AssertionFailedError: Deben ser equals ==> expected: com.docencia.examen.clases.Usuario@2f4948e4<com.docencia.examen.clases.Usuario@0> but was: com.docencia.examen.clases.Usuario@1f2586d6<com.docencia.examen.clases.Usuario@0>
	at org.junit.jupiter.api.AssertionFailureBuilder.build(AssertionFailureBuilder.java:151)
	at org.junit.jupiter.api.AssertionFailureBuilder.buildAndThrow(AssertionFailureBuilder.java:132)
	at org.junit.jupiter.api.AssertEquals.failNotEqual(AssertEquals.java:197)
	at org.junit.jupiter.api.AssertEquals.assertEquals(AssertEquals.java:182)
	at org.junit.jupiter.api.Assertions.assertEquals(Assertions.java:1152)
	at com.docencia.examen.clases.UsuarioTest.hashCodeMismoIdentificadorMsmoHash(UsuarioTest.java:119)
	at java.base/java.lang.reflect.Method.invoke(Method.java:565)
	at java.base/java.util.ArrayList.forEach(ArrayList.java:1604)
	at java.base/java.util.ArrayList.forEach(ArrayList.java:1604)
]]></failure>
  </testcase>
  <testcase name="hashCodeIdentificadorNullEnAmbosIguales" classname="com.docencia.examen.clases.UsuarioTest" time="0.001">
    <failure message="Deben ser equals (ambos identificador null) ==&gt; expected: com.docencia.examen.clases.Usuario@3fc2959f&lt;com.docencia.examen.clases.Usuario@0&gt; but was: com.docencia.examen.clases.Usuario@5aa9e4eb&lt;com.docencia.examen.clases.Usuario@0&gt;" type="org.opentest4j.AssertionFailedError"><![CDATA[org.opentest4j.AssertionFailedError: Deben ser equals (ambos identificador null) ==> expected: com.docencia.examen.clases.Usuario@3fc2959f<com.docencia.examen.clases.Usuario@0> but was: com.docencia.examen.clases.Usuario@5aa9e4eb<com.docencia.examen.clases.Usuario@0>
	at org.junit.jupiter.api.AssertionFailureBuilder.build(AssertionFailureBuilder.java:151)
	at org.junit.jupiter.api.AssertionFailureBuilder.buildAndThrow(AssertionFailureBuilder.java:132)
	at org.junit.jupiter.api.AssertEquals.failNotEqual(AssertEquals.java:197)
	at org.junit.jupiter.api.AssertEquals.assertEquals(AssertEquals.java:182)
	at org.junit.jupiter.api.Assertions.assertEquals(Assertions.java:1152)
	at com.docencia.examen.clases.UsuarioTest.hashCodeIdentificadorNullEnAmbosIguales(UsuarioTest.java:129)
	at java.base/java.lang.reflect.Method.invoke(Method.java:565)
	at java.base/java.util.ArrayList.forEach(ArrayList.java:1604)
	at java.base/java.util.ArrayList.forEach(ArrayList.java:1604)
]]></failure>
  </testcase>
  <testcase name="constructorSoloIdentificadorInicializaIdentificador" classname="com.docencia.examen.clases.UsuarioTest" time="0.002">
    <failure message="Multiple Failures (1 failure)&#10;	org.opentest4j.AssertionFailedError: Identificador incorrecto ==&gt; expected: &lt;123&gt; but was: &lt;null&gt;" type="org.opentest4j.MultipleFailuresError"><![CDATA[org.opentest4j.MultipleFailuresError: 
Multiple Failures (1 failure)
	org.opentest4j.AssertionFailedError: Identificador incorrecto ==> expected: <123> but was: <null>
	at org.junit.jupiter.api.AssertAll.assertAll(AssertAll.java:80)
	at org.junit.jupiter.api.AssertAll.assertAll(AssertAll.java:44)
	at org.junit.jupiter.api.AssertAll.assertAll(AssertAll.java:38)
	at org.junit.jupiter.api.Assertions.assertAll(Assertions.java:2940)
	at com.docencia.examen.clases.UsuarioTest.constructorSoloIdentificadorInicializaIdentificador(UsuarioTest.java:28)
	at java.base/java.lang.reflect.Method.invoke(Method.java:565)
	at java.base/java.util.ArrayList.forEach(ArrayList.java:1604)
	at java.base/java.util.ArrayList.forEach(ArrayList.java:1604)
	Suppressed: org.opentest4j.AssertionFailedError: Identificador incorrecto ==> expected: <123> but was: <null>
		at org.junit.jupiter.api.AssertionFailureBuilder.build(AssertionFailureBuilder.java:151)
		at org.junit.jupiter.api.AssertionFailureBuilder.buildAndThrow(AssertionFailureBuilder.java:132)
		at org.junit.jupiter.api.AssertEquals.failNotEqual(AssertEquals.java:197)
		at org.junit.jupiter.api.AssertEquals.assertEquals(AssertEquals.java:182)
		at org.junit.jupiter.api.Assertions.assertEquals(Assertions.java:1152)
		at com.docencia.examen.clases.UsuarioTest.lambda$constructorSoloIdentificadorInicializaIdentificador$0(UsuarioTest.java:29)
		at org.junit.jupiter.api.AssertAll.lambda$assertAll$0(AssertAll.java:68)
		at java.base/java.util.stream.ReferencePipeline$3$1.accept(ReferencePipeline.java:214)
		at java.base/java.util.Spliterators$ArraySpliterator.forEachRemaining(Spliterators.java:1024)
		at java.base/java.util.stream.AbstractPipeline.copyInto(AbstractPipeline.java:570)
		at java.base/java.util.stream.AbstractPipeline.wrapAndCopyInto(AbstractPipeline.java:560)
		at java.base/java.util.stream.ReduceOps$ReduceOp.evaluateSequential(ReduceOps.java:921)
		at java.base/java.util.stream.AbstractPipeline.evaluate(AbstractPipeline.java:265)
		at java.base/java.util.stream.ReferencePipeline.collect(ReferencePipeline.java:723)
		at org.junit.jupiter.api.AssertAll.assertAll(AssertAll.java:77)
		... 7 more
]]></failure>
  </testcase>
  <testcase name="equalsMismoIdentificadorIgnoraNombreYApellidos" classname="com.docencia.examen.clases.UsuarioTest" time="0.001">
    <failure message="Usuarios con mismo identificador deben ser iguales ==&gt; expected: com.docencia.examen.clases.Usuario@229f66ed&lt;com.docencia.examen.clases.Usuario@0&gt; but was: com.docencia.examen.clases.Usuario@31190526&lt;com.docencia.examen.clases.Usuario@0&gt;" type="org.opentest4j.AssertionFailedError"><![CDATA[org.opentest4j.AssertionFailedError: Usuarios con mismo identificador deben ser iguales ==> expected: com.docencia.examen.clases.Usuario@229f66ed<com.docencia.examen.clases.Usuario@0> but was: com.docencia.examen.clases.Usuario@31190526<com.docencia.examen.clases.Usuario@0>
	at org.junit.jupiter.api.AssertionFailureBuilder.build(AssertionFailureBuilder.java:151)
	at org.junit.jupiter.api.AssertionFailureBuilder.buildAndThrow(AssertionFailureBuilder.java:132)
	at org.junit.jupiter.api.AssertEquals.failNotEqual(AssertEquals.java:197)
	at org.junit.jupiter.api.AssertEquals.assertEquals(AssertEquals.java:182)
	at org.junit.jupiter.api.Assertions.assertEquals(Assertions.java:1152)
	at com.docencia.examen.clases.UsuarioTest.equalsMismoIdentificadorIgnoraNombreYApellidos(UsuarioTest.java:82)
	at java.base/java.lang.reflect.Method.invoke(Method.java:565)
	at java.base/java.util.ArrayList.forEach(ArrayList.java:1604)
	at java.base/java.util.ArrayList.forEach(ArrayList.java:1604)
]]></failure>
  </testcase>
  <testcase name="equalsConOtraClaseDevuelveFalse" classname="com.docencia.examen.clases.UsuarioTest" time="0.0"/>
  <testcase name="equalsEsReflexivo" classname="com.docencia.examen.clases.UsuarioTest" time="0.0"/>
  <testcase name="equalsDistintoIdentificadorDevuelveFalse" classname="com.docencia.examen.clases.UsuarioTest" time="0.001"/>
  <testcase name="equals_identificadorNullVSNoNull_devuelveFalse" classname="com.docencia.examen.clases.UsuarioTest" time="0.0"/>
</testsuite>