<?xml version="1.0" encoding="UTF-8"?>
<testsuite xmlns:xsi="http://www.w3.org/2001/XMLSchema-instance" xsi:noNamespaceSchemaLocation="https://maven.apache.org/surefire/maven-surefire-plugin/xsd/surefire-test-report-3.0.xsd" version="3.0" name="regexfechas.Exercise10Test" time="0.011" tests="15" errors="15" skipped="0" failures="0">
  <properties>
[...]
</properties>
  <testcase name="t03_twoDates" classname="regexfechas.Exercise10Test" time="0.001">
    <error type="java.lang.ExceptionInInitializerError"><![CDATA[java.lang.ExceptionInInitializerError
	at regexfechas.Exercise10Test.t03_twoDates(Exercise10Test.java:24)
	at java.base/java.lang.reflect.Method.invoke(Method.java:569)
	at java.base/java.util.ArrayList.forEach(ArrayList.java:1511)
	at java.base/java.util.ArrayList.forEach(ArrayList.java:1511)
Caused by: java.util.regex.PatternSyntaxException: Unmatched closing ')'
);
	at java.base/java.util.regex.Pattern.error(Pattern.java:2055)
	at java.base/java.util.regex.Pattern.compile(Pattern.java:1814)
	at java.base/java.util.regex.Pattern.<init>(Pattern.java:1441)
	at java.base/java.util.regex.Pattern.compile(Pattern.java:1069)
	at regexfechas.Exercise01.<clinit>(Exercise01.java:12)
	... 4 more
]]></error>
  </testcase>
  <testcase name="t13_emptyString" classname="regexfechas.Exercise10Test" time="0.0">
    <error message="Could not initialize class regexfechas.Exercise01" type="java.lang.NoClassDefFoundError"><![CDATA[java.lang.NoClassDefFoundError: Could not initialize class regexfechas.Exercise01
	at regexfechas.Exercise10Test.t13_emptyString(Exercise10Test.java:74)
	at java.base/java.lang.reflect.Method.invoke(Method.java:569)
	at java.base/java.util.ArrayList.forEach(ArrayList.java:1511)
	at java.base/java.util.ArrayList.forEach(ArrayList.java:1511)
Caused by: java.lang.ExceptionInInitializerError: Exception java.util.regex.PatternSyntaxException [in thread "main"]
	at java.base/java.util.regex.Pattern.error(Pattern.java:2055)
	at java.base/java.util.regex.Pattern.compile(Pattern.java:1814)
	at java.base/java.util.regex.Pattern.<init>(Pattern.java:1441)
	at java.base/java.util.regex.Pattern.compile(Pattern.java:1069)
	at regexfechas.Exercise01.<clinit>(Exercise01.java:12)
	at regexfechas.Exercise10Test.t03_twoDates(Exercise10Test.java:24)
	... 3 more
]]></error>
  </testcase>
  <testcase name="t12_leapDayFoundByRegex" classname="regexfechas.Exercise10Test" time="0.0">
    <error message="Could not initialize class regexfechas.Exercise01" type="java.lang.NoClassDefFoundError"><![CDATA[java.lang.NoClassDefFoundError: Could not initialize class regexfechas.Exercise01
	at regexfechas.Exercise10Test.t12_leapDayFoundByRegex(Exercise10Test.java:69)
	at java.base/java.lang.reflect.Method.invoke(Method.java:569)
	at java.base/java.util.ArrayList.forEach(ArrayList.java:1511)
	at java.base/java.util.ArrayList.forEach(ArrayList.java:1511)
Caused by: java.lang.ExceptionInInitializerError: Exception java.util.regex.PatternSyntaxException [in thread "main"]
	at java.base/java.util.regex.Pattern.error(Pattern.java:2055)
	at java.base/java.util.regex.Pattern.compile(Pattern.java:1814)
	at java.base/java.util.regex.Pattern.<init>(Pattern.java:1441)
	at java.base/java.util.regex.Pattern.compile(Pattern.java:1069)
	at regexfechas.Exercise01.<clinit>(Exercise01.java:12)
	at regexfechas.Exercise10Test.t03_twoDates(Exercise10Test.java:24)
	... 3 more
]]></error>
  </testcase>
  <testcase name="t08_startOfText" classname="regexfechas.Exercise10Test" time="0.001">
    <error message="Could not initialize class regexfechas.Exercise01" type="java.lang.NoClassDefFoundError"><![CDATA[java.lang.NoClassDefFoundError: Could not initialize class regexfechas.Exercise01
	at regexfechas.Exercise10Test.t08_startOfText(Exercise10Test.java:49)
	at java.base/java.lang.reflect.Method.invoke(Method.java:569)
	at java.base/java.util.ArrayList.forEach(ArrayList.java:1511)
	at java.base/java.util.ArrayList.forEach(ArrayList.java:1511)
Caused by: java.lang.ExceptionInInitializerError: Exception java.util.regex.PatternSyntaxException [in thread "main"]
	at java.base/java.util.regex.Pattern.error(Pattern.java:2055)
	at java.base/java.util.regex.Pattern.compile(Pattern.java:1814)
	at java.base/java.util.regex.Pattern.<init>(Pattern.java:1441)
	at java.base/java.util.regex.Pattern.compile(Pattern.java:1069)
	at regexfechas.Exercise01.<clinit>(Exercise01.java:12)
	at regexfechas.Exercise10Test.t03_twoDates(Exercise10Test.java:24)
	... 3 more
]]></error>
  </testcase>
  <testcase name="t09_endOfText" classname="regexfechas.Exercise10Test" time="0.0">
    <error message="Could not initialize class regexfechas.Exercise01" type="java.lang.NoClassDefFoundError"><![CDATA[java.lang.NoClassDefFoundError: Could not initialize class regexfechas.Exercise01
	at regexfechas.Exercise10Test.t09_endOfText(Exercise10Test.java:54)
	at java.base/java.lang.reflect.Method.invoke(Method.java:569)
	at java.base/java.util.ArrayList.forEach(ArrayList.java:1511)
	at java.base/java.util.ArrayList.forEach(ArrayList.java:1511)
Caused by: java.lang.ExceptionInInitializerError: Exception java.util.regex.PatternSyntaxException [in thread "main"]
	at java.base/java.util.regex.Pattern.error(Pattern.java:2055)
	at java.base/java.util.regex.Pattern.compile(Pattern.java:1814)
	at java.base/java.util.regex.Pattern.<init>(Pattern.java:1441)
	at java.base/java.util.regex.Pattern.compile(Pattern.java:1069)
	at regexfechas.Exercise01.<clinit>(Exercise01.java:12)
	at regexfechas.Exercise10Test.t03_twoDates(Exercise10Test.java:24)
	... 3 more
]]></error>
  </testcase>
  <testcase name="t10_invalidDay00NotFound" classname="regexfechas.Exercise10Test" time="0.001">
    <error message="Could not initialize class regexfechas.Exercise01" type="java.lang.NoClassDefFoundError"><![CDATA[java.lang.NoClassDefFoundError: Could not initialize class regexfechas.Exercise01
	at regexfechas.Exercise10Test.t10_invalidDay00NotFound(Exercise10Test.java:59)
	at java.base/java.lang.reflect.Method.invoke(Method.java:569)
	at java.base/java.util.ArrayList.forEach(ArrayList.java:1511)
	at java.base/java.util.ArrayList.forEach(ArrayList.java:1511)
Caused by: java.lang.ExceptionInInitializerError: Exception java.util.regex.PatternSyntaxException [in thread "main"]
	at java.base/java.util.regex.Pattern.error(Pattern.java:2055)
	at java.base/java.util.regex.Pattern.compile(Pattern.java:1814)
	at java.base/java.util.regex.Pattern.<init>(Pattern.java:1441)
	at java.base/java.util.regex.Pattern.compile(Pattern.java:1069)
	at regexfechas.Exercise01.<clinit>(Exercise01.java:12)
	at regexfechas.Exercise10Test.t03_twoDates(Exercise10Test.java:24)
	... 3 more
]]></error>
  </testcase>
  <testcase name="t04_badShortFormat" classname="regexfechas.Exercise10Test" time="0.0">
    <error message="Could not initialize class regexfechas.Exercise01" type="java.lang.NoClassDefFoundError"><![CDATA[java.lang.NoClassDefFoundError: Could not initialize class regexfechas.Exercise01
	at regexfechas.Exercise10Test.t04_badShortFormat(Exercise10Test.java:29)
	at java.base/java.lang.reflect.Method.invoke(Method.java:569)
	at java.base/java.util.ArrayList.forEach(ArrayList.java:1511)
	at java.base/java.util.ArrayList.forEach(ArrayList.java:1511)
Caused by: java.lang.ExceptionInInitializerError: Exception java.util.regex.PatternSyntaxException [in thread "main"]
	at java.base/java.util.regex.Pattern.error(Pattern.java:2055)
	at java.base/java.util.regex.Pattern.compile(Pattern.java:1814)
	at java.base/java.util.regex.Pattern.<init>(Pattern.java:1441)
	at java.base/java.util.regex.Pattern.compile(Pattern.java:1069)
	at regexfechas.Exercise01.<clinit>(Exercise01.java:12)
	at regexfechas.Exercise10Test.t03_twoDates(Exercise10Test.java:24)
	... 3 more
]]></error>
  </testcase>
  <testcase name="t01_singleDate" classname="regexfechas.Exercise10Test" time="0.0">
    <error message="Could not initialize class regexfechas.Exercise01" type="java.lang.NoClassDefFoundError"><![CDATA[java.lang.NoClassDefFoundError: Could not initialize class regexfechas.Exercise01
	at regexfechas.Exercise10Test.t01_singleDate(Exercise10Test.java:14)
	at java.base/java.lang.reflect.Method.invoke(Method.java:569)
	at java.base/java.util.ArrayList.forEach(ArrayList.java:1511)
	at java.base/java.util.ArrayList.forEach(ArrayList.java:1511)
Caused by: java.lang.ExceptionInInitializerError: Exception java.util.regex.PatternSyntaxException [in thread "main"]
	at java.base/java.util.regex.Pattern.error(Pattern.java:2055)
	at java.base/java.util.regex.Pattern.compile(Pattern.java:1814)
	at java.base/java.util.regex.Pattern.<init>(Pattern.java:1441)
	at java.base/java.util.regex.Pattern.compile(Pattern.java:1069)
	at regexfechas.Exercise01.<clinit>(Exercise01.java:12)
	at regexfechas.Exercise10Test.t03_twoDates(Exercise10Test.java:24)
	... 3 more
]]></error>
  </testcase>
  <testcase name="t07_embeddedInLettersNoBoundary" classname="regexfechas.Exercise10Test" time="0.0">
    <error message="Could not initialize class regexfechas.Exercise01" type="java.lang.NoClassDefFoundError"><![CDATA[java.lang.NoClassDefFoundError: Could not initialize class regexfechas.Exercise01
	at regexfechas.Exercise10Test.t07_embeddedInLettersNoBoundary(Exercise10Test.java:44)
	at java.base/java.lang.reflect.Method.invoke(Method.java:569)
	at java.base/java.util.ArrayList.forEach(ArrayList.java:1511)
	at java.base/java.util.ArrayList.forEach(ArrayList.java:1511)
Caused by: java.lang.ExceptionInInitializerError: Exception java.util.regex.PatternSyntaxException [in thread "main"]
	at java.base/java.util.regex.Pattern.error(Pattern.java:2055)
	at java.base/java.util.regex.Pattern.compile(Pattern.java:1814)
	at java.base/java.util.regex.Pattern.<init>(Pattern.java:1441)
	at java.base/java.util.regex.Pattern.compile(Pattern.java:1069)
	at regexfechas.Exercise01.<clinit>(Exercise01.java:12)
	at regexfechas.Exercise10Test.t03_twoDates(Exercise10Test.java:24)
	... 3 more
]]></error>
  </testcase>
  <testcase name="t06_parenthesesBoundary" classname="regexfechas.Exercise10Test" time="0.0">
    <error message="Could not initialize class regexfechas.Exercise01" type="java.lang.NoClassDefFoundError"><![CDATA[java.lang.NoClassDefFoundError: Could not initialize class regexfechas.Exercise01
	at regexfechas.Exercise10Test.t06_parenthesesBoundary(Exercise10Test.java:39)
	at java.base/java.lang.reflect.Method.invoke(Method.java:569)
	at java.base/java.util.ArrayList.forEach(ArrayList.java:1511)
	at java.base/java.util.ArrayList.forEach(ArrayList.java:1511)
Caused by: java.lang.ExceptionInInitializerError: Exception java.util.regex.PatternSyntaxException [in thread "main"]
	at java.base/java.util.regex.Pattern.error(Pattern.java:2055)
	at java.base/java.util.regex.Pattern.compile(Pattern.java:1814)
	at java.base/java.util.regex.Pattern.<init>(Pattern.java:1441)
	at java.base/java.util.regex.Pattern.compile(Pattern.java:1069)
	at regexfechas.Exercise01.<clinit>(Exercise01.java:12)
	at regexfechas.Exercise10Test.t03_twoDates(Exercise10Test.java:24)
	... 3 more
]]></error>
  </testcase>
  <testcase name="t15_multipleWithPunctuation" classname="regexfechas.Exercise10Test" time="0.0">
    <error message="Could not initialize class regexfechas.Exercise01" type="java.lang.NoClassDefFoundError"><![CDATA[java.lang.NoClassDefFoundError: Could not initialize class regexfechas.Exercise01
	at regexfechas.Exercise10Test.t15_multipleWithPunctuation(Exercise10Test.java:84)
	at java.base/java.lang.reflect.Method.invoke(Method.java:569)
	at java.base/java.util.ArrayList.forEach(ArrayList.java:1511)
	at java.base/java.util.ArrayList.forEach(ArrayList.java:1511)
Caused by: java.lang.ExceptionInInitializerError: Exception java.util.regex.PatternSyntaxException [in thread "main"]
	at java.base/java.util.regex.Pattern.error(Pattern.java:2055)
	at java.base/java.util.regex.Pattern.compile(Pattern.java:1814)
	at java.base/java.util.regex.Pattern.<init>(Pattern.java:1441)
	at java.base/java.util.regex.Pattern.compile(Pattern.java:1069)
	at regexfechas.Exercise01.<clinit>(Exercise01.java:12)
	at regexfechas.Exercise10Test.t03_twoDates(Exercise10Test.java:24)
	... 3 more
]]></error>
  </testcase>
  <testcase name="t02_noDate" classname="regexfechas.Exercise10Test" time="0.0">
    <error message="Could not initialize class regexfechas.Exercise01" type="java.lang.NoClassDefFoundError"><![CDATA[java.lang.NoClassDefFoundError: Could not initialize class regexfechas.Exercise01
	at regexfechas.Exercise10Test.t02_noDate(Exercise10Test.java:19)
	at java.base/java.lang.reflect.Method.invoke(Method.java:569)
	at java.base/java.util.ArrayList.forEach(ArrayList.java:1511)
	at java.base/java.util.ArrayList.forEach(ArrayList.java:1511)
Caused by: java.lang.ExceptionInInitializerError: Exception java.util.regex.PatternSyntaxException [in thread "main"]
	at java.base/java.util.regex.Pattern.error(Pattern.java:2055)
	at java.base/java.util.regex.Pattern.compile(Pattern.java:1814)
	at java.base/java.util.regex.Pattern.<init>(Pattern.java:1441)
	at java.base/java.util.regex.Pattern.compile(Pattern.java:1069)
	at regexfechas.Exercise01.<clinit>(Exercise01.java:12)
	at regexfechas.Exercise10Test.t03_twoDates(Exercise10Test.java:24)
	... 3 more
]]></error>
  </testcase>
  <testcase name="t14_nullString" classname="regexfechas.Exercise10Test" time="0.0">
    <error message="Could not initialize class regexfechas.Exercise01" type="java.lang.NoClassDefFoundError"><![CDATA[java.lang.NoClassDefFoundError: Could not initialize class regexfechas.Exercise01
	at regexfechas.Exercise10Test.t14_nullString(Exercise10Test.java:79)
	at java.base/java.lang.reflect.Method.invoke(Method.java:569)
	at java.base/java.util.ArrayList.forEach(ArrayList.java:1511)
	at java.base/java.util.ArrayList.forEach(ArrayList.java:1511)
Caused by: java.lang.ExceptionInInitializerError: Exception java.util.regex.PatternSyntaxException [in thread "main"]
	at java.base/java.util.regex.Pattern.error(Pattern.java:2055)
	at java.base/java.util.regex.Pattern.compile(Pattern.java:1814)
	at java.base/java.util.regex.Pattern.<init>(Pattern.java:1441)
	at java.base/java.util.regex.Pattern.compile(Pattern.java:1069)
	at regexfechas.Exercise01.<clinit>(Exercise01.java:12)
	at regexfechas.Exercise10Test.t03_twoDates(Exercise10Test.java:24)
	... 3 more
]]></error>
  </testcase>
  <testcase name="t05_wrongSeparatorDash" classname="regexfechas.Exercise10Test" time="0.0">
    <error message="Could not initialize class regexfechas.Exercise01" type="java.lang.NoClassDefFoundError"><![CDATA[java.lang.NoClassDefFoundError: Could not initialize class regexfechas.Exercise01
	at regexfechas.Exercise10Test.t05_wrongSeparatorDash(Exercise10Test.java:34)
	at java.base/java.lang.reflect.Method.invoke(Method.java:569)
	at java.base/java.util.ArrayList.forEach(ArrayList.java:1511)
	at java.base/java.util.ArrayList.forEach(ArrayList.java:1511)
Caused by: java.lang.ExceptionInInitializerError: Exception java.util.regex.PatternSyntaxException [in thread "main"]
	at java.base/java.util.regex.Pattern.error(Pattern.java:2055)
	at java.base/java.util.regex.Pattern.compile(Pattern.java:1814)
	at java.base/java.util.regex.Pattern.<init>(Pattern.java:1441)
	at java.base/java.util.regex.Pattern.compile(Pattern.java:1069)
	at regexfechas.Exercise01.<clinit>(Exercise01.java:12)
	at regexfechas.Exercise10Test.t03_twoDates(Exercise10Test.java:24)
	... 3 more
]]></error>
  </testcase>
  <testcase name="t11_invalidMonth13NotFound" classname="regexfechas.Exercise10Test" time="0.0">
    <error message="Could not initialize class regexfechas.Exercise01" type="java.lang.NoClassDefFoundError"><![CDATA[java.lang.NoClassDefFoundError: Could not initialize class regexfechas.Exercise01
	at regexfechas.Exercise10Test.t11_invalidMonth13NotFound(Exercise10Test.java:64)
	at java.base/java.lang.reflect.Method.invoke(Method.java:569)
	at java.base/java.util.ArrayList.forEach(ArrayList.java:1511)
	at java.base/java.util.ArrayList.forEach(ArrayList.java:1511)
Caused by: java.lang.ExceptionInInitializerError: Exception java.util.regex.PatternSyntaxException [in thread "main"]
	at java.base/java.util.regex.Pattern.error(Pattern.java:2055)
	at java.base/java.util.regex.Pattern.compile(Pattern.java:1814)
	at java.base/java.util.regex.Pattern.<init>(Pattern.java:1441)
	at java.base/java.util.regex.Pattern.compile(Pattern.java:1069)
	at regexfechas.Exercise01.<clinit>(Exercise01.java:12)
	at regexfechas.Exercise10Test.t03_twoDates(Exercise10Test.java:24)
	... 3 more
]]></error>
  </testcase>
</testsuite>